<?xml version="1.0" encoding="UTF-8"?>
<!-- Generated by org.testng.reporters.JUnitReportReporter -->
<testsuite skipped="0" hostname="system8-PC" name="Mavenkishor.kishortest.Log4J" tests="1" failures="0" timestamp="07 Sep 2018 08:22:53 GMT" time="0.021" errors="0">
  <testcase name="logkj" time="0.021" classname="Mavenkishor.kishortest.Log4J"/>
</testsuite> <!-- Mavenkishor.kishortest.Log4J -->
