<?xml version="1.0" encoding="UTF-8"?>
<!-- Generated by org.testng.reporters.JUnitReportReporter -->
<testsuite skipped="0" hostname="system8-PC" name="Mavenkishor.kishortest.TestEx1" tests="4" failures="0" timestamp="06 Sep 2018 04:40:11 GMT" time="0.015" errors="0">
  <testcase name="main1" time="0.000" classname="Mavenkishor.kishortest.TestEx1"/>
  <testcase name="main3" time="0.000" classname="Mavenkishor.kishortest.TestEx1"/>
  <testcase name="main" time="0.000" classname="Mavenkishor.kishortest.TestEx1"/>
  <testcase name="mai2n" time="0.015" classname="Mavenkishor.kishortest.TestEx1"/>
</testsuite> <!-- Mavenkishor.kishortest.TestEx1 -->
